<?xml version="1.0" encoding="UTF-8"?>
<testng-results ignored="0" total="1" passed="1" failed="0" skipped="0">
  <reporter-output>
  </reporter-output>
  <suite started-at="2019-12-02T01:17:31 IST" name="Default suite" finished-at="2019-12-02T01:18:14 IST" duration-ms="42845">
    <groups>
    </groups>
    <test started-at="2019-12-02T01:17:31 IST" name="Default test" finished-at="2019-12-02T01:18:14 IST" duration-ms="42845">
      <class name="com.amazon.qa.test.AmazonTest">
        <test-method is-config="true" signature="setUp()[pri:0, instance:com.amazon.qa.test.AmazonTest@38102d01]" started-at="2019-12-02T01:17:31 IST" name="setUp" finished-at="2019-12-02T01:17:33 IST" duration-ms="2370" status="PASS">
          <reporter-output>
          </reporter-output>
        </test-method> <!-- setUp -->
        <test-method signature="launchAppliation()[pri:0, instance:com.amazon.qa.test.AmazonTest@38102d01]" started-at="2019-12-02T01:17:33 IST" name="launchAppliation" finished-at="2019-12-02T01:18:14 IST" duration-ms="40156" status="PASS">
          <reporter-output>
          </reporter-output>
        </test-method> <!-- launchAppliation -->
        <test-method is-config="true" signature="tearDown()[pri:0, instance:com.amazon.qa.test.AmazonTest@38102d01]" started-at="2019-12-02T01:18:14 IST" name="tearDown" finished-at="2019-12-02T01:18:14 IST" duration-ms="276" status="PASS">
          <reporter-output>
          </reporter-output>
        </test-method> <!-- tearDown -->
      </class> <!-- com.amazon.qa.test.AmazonTest -->
    </test> <!-- Default test -->
  </suite> <!-- Default suite -->
</testng-results>
